TN:
SF:/Users/Shanil/devops/TestGeneration/test.js
FNF:0
FNH:0
DA:1,1
DA:2,1
DA:3,1
DA:4,1
DA:6,1
DA:8,1
DA:14,1
DA:16,1
DA:17,1
DA:18,1
DA:19,1
LF:11
LH:11
BRF:0
BRH:0
end_of_record
TN:
SF:/Users/Shanil/devops/TestGeneration/subject.js
FN:3,inc
FN:12,weird
FN:40,fileTest
FN:64,normalize
FN:73,format
FN:88,blackListNumber
FNF:6
FNH:6
FNDA:1,inc
FNDA:1,weird
FNDA:1,fileTest
FNDA:3,normalize
FNDA:2,format
FNDA:1,blackListNumber
DA:1,1
DA:3,1
DA:4,1
DA:5,1
DA:7,1
DA:9,1
DA:12,1
DA:14,1
DA:16,0
DA:18,1
DA:20,1
DA:22,1
DA:24,0
DA:26,0
DA:31,0
DA:33,0
DA:36,0
DA:40,1
DA:42,1
DA:44,0
DA:47,1
DA:48,1
DA:50,1
DA:53,0
DA:55,0
DA:56,0
DA:58,0
DA:60,0
DA:64,1
DA:66,3
DA:73,1
DA:76,2
DA:77,2
DA:80,2
DA:81,0
DA:84,2
DA:88,1
DA:90,1
DA:91,1
DA:92,1
DA:94,0
DA:96,1
DA:99,1
DA:100,1
DA:101,1
DA:102,1
DA:103,1
DA:104,1
LF:48
LH:34
BRDA:4,1,0,1
BRDA:4,1,1,0
BRDA:5,2,0,1
BRDA:5,2,1,0
BRDA:14,3,0,0
BRDA:14,3,1,1
BRDA:14,4,0,1
BRDA:14,4,1,0
BRDA:18,5,0,1
BRDA:18,5,1,0
BRDA:20,6,0,1
BRDA:20,6,1,0
BRDA:24,7,0,0
BRDA:24,7,1,0
BRDA:31,8,0,0
BRDA:31,8,1,0
BRDA:42,9,0,0
BRDA:42,9,1,1
BRDA:48,10,0,1
BRDA:48,10,1,0
BRDA:53,11,0,0
BRDA:53,11,1,0
BRDA:56,12,0,0
BRDA:56,12,1,0
BRDA:76,13,0,2
BRDA:76,13,1,0
BRDA:76,14,0,2
BRDA:76,14,1,0
BRDA:92,15,0,0
BRDA:92,15,1,1
BRF:30
BRH:11
end_of_record
